<?xml version="1.0" encoding="UTF-8"?>
<testsuite xmlns:xsi="http://www.w3.org/2001/XMLSchema-instance" xsi:noNamespaceSchemaLocation="https://maven.apache.org/surefire/maven-surefire-plugin/xsd/surefire-test-report.xsd" name="com.bit.spring.SpringMvcTest" time="5.602" tests="2" errors="0" skipped="0" failures="0">
  <properties>
    <property name="awt.toolkit" value="sun.awt.X11.XToolkit"/>
    <property name="java.specification.version" value="11"/>
    <property name="sun.cpu.isalist" value=""/>
    <property name="sun.jnu.encoding" value="UTF-8"/>
    <property name="java.class.path" value="/data/Trabajo/QSoft/JMVega/Semana4/spring-mvc/target/test-classes:/data/Trabajo/QSoft/JMVega/Semana4/spring-mvc/target/classes:/data/local/repository/org/springframework/boot/spring-boot-starter-data-jpa/2.7.1/spring-boot-starter-data-jpa-2.7.1.jar:/data/local/repository/org/springframework/boot/spring-boot-starter-aop/2.7.1/spring-boot-starter-aop-2.7.1.jar:/data/local/repository/org/aspectj/aspectjweaver/1.9.7/aspectjweaver-1.9.7.jar:/data/local/repository/org/springframework/boot/spring-boot-starter-jdbc/2.7.1/spring-boot-starter-jdbc-2.7.1.jar:/data/local/repository/com/zaxxer/HikariCP/4.0.3/HikariCP-4.0.3.jar:/data/local/repository/org/springframework/spring-jdbc/5.3.21/spring-jdbc-5.3.21.jar:/data/local/repository/jakarta/transaction/jakarta.transaction-api/1.3.3/jakarta.transaction-api-1.3.3.jar:/data/local/repository/jakarta/persistence/jakarta.persistence-api/2.2.3/jakarta.persistence-api-2.2.3.jar:/data/local/repository/org/hibernate/hibernate-core/5.6.9.Final/hibernate-core-5.6.9.Final.jar:/data/local/repository/org/jboss/logging/jboss-logging/3.4.3.Final/jboss-logging-3.4.3.Final.jar:/data/local/repository/net/bytebuddy/byte-buddy/1.12.11/byte-buddy-1.12.11.jar:/data/local/repository/antlr/antlr/2.7.7/antlr-2.7.7.jar:/data/local/repository/org/jboss/jandex/2.4.2.Final/jandex-2.4.2.Final.jar:/data/local/repository/com/fasterxml/classmate/1.5.1/classmate-1.5.1.jar:/data/local/repository/org/hibernate/common/hibernate-commons-annotations/5.1.2.Final/hibernate-commons-annotations-5.1.2.Final.jar:/data/local/repository/org/glassfish/jaxb/jaxb-runtime/2.3.6/jaxb-runtime-2.3.6.jar:/data/local/repository/org/glassfish/jaxb/txw2/2.3.6/txw2-2.3.6.jar:/data/local/repository/com/sun/istack/istack-commons-runtime/3.0.12/istack-commons-runtime-3.0.12.jar:/data/local/repository/com/sun/activation/jakarta.activation/1.2.2/jakarta.activation-1.2.2.jar:/data/local/repository/org/springframework/data/spring-data-jpa/2.7.1/spring-data-jpa-2.7.1.jar:/data/local/repository/org/springframework/data/spring-data-commons/2.7.1/spring-data-commons-2.7.1.jar:/data/local/repository/org/springframework/spring-orm/5.3.21/spring-orm-5.3.21.jar:/data/local/repository/org/springframework/spring-context/5.3.21/spring-context-5.3.21.jar:/data/local/repository/org/springframework/spring-tx/5.3.21/spring-tx-5.3.21.jar:/data/local/repository/org/springframework/spring-beans/5.3.21/spring-beans-5.3.21.jar:/data/local/repository/org/slf4j/slf4j-api/1.7.36/slf4j-api-1.7.36.jar:/data/local/repository/org/springframework/spring-aspects/5.3.21/spring-aspects-5.3.21.jar:/data/local/repository/org/springframework/boot/spring-boot-starter-web/2.7.1/spring-boot-starter-web-2.7.1.jar:/data/local/repository/org/springframework/boot/spring-boot-starter/2.7.1/spring-boot-starter-2.7.1.jar:/data/local/repository/org/springframework/boot/spring-boot/2.7.1/spring-boot-2.7.1.jar:/data/local/repository/org/springframework/boot/spring-boot-autoconfigure/2.7.1/spring-boot-autoconfigure-2.7.1.jar:/data/local/repository/org/springframework/boot/spring-boot-starter-logging/2.7.1/spring-boot-starter-logging-2.7.1.jar:/data/local/repository/ch/qos/logback/logback-classic/1.2.11/logback-classic-1.2.11.jar:/data/local/repository/ch/qos/logback/logback-core/1.2.11/logback-core-1.2.11.jar:/data/local/repository/org/apache/logging/log4j/log4j-to-slf4j/2.17.2/log4j-to-slf4j-2.17.2.jar:/data/local/repository/org/apache/logging/log4j/log4j-api/2.17.2/log4j-api-2.17.2.jar:/data/local/repository/org/slf4j/jul-to-slf4j/1.7.36/jul-to-slf4j-1.7.36.jar:/data/local/repository/jakarta/annotation/jakarta.annotation-api/1.3.5/jakarta.annotation-api-1.3.5.jar:/data/local/repository/org/yaml/snakeyaml/1.30/snakeyaml-1.30.jar:/data/local/repository/org/springframework/boot/spring-boot-starter-json/2.7.1/spring-boot-starter-json-2.7.1.jar:/data/local/repository/com/fasterxml/jackson/core/jackson-databind/2.13.3/jackson-databind-2.13.3.jar:/data/local/repository/com/fasterxml/jackson/core/jackson-annotations/2.13.3/jackson-annotations-2.13.3.jar:/data/local/repository/com/fasterxml/jackson/core/jackson-core/2.13.3/jackson-core-2.13.3.jar:/data/local/repository/com/fasterxml/jackson/datatype/jackson-datatype-jdk8/2.13.3/jackson-datatype-jdk8-2.13.3.jar:/data/local/repository/com/fasterxml/jackson/datatype/jackson-datatype-jsr310/2.13.3/jackson-datatype-jsr310-2.13.3.jar:/data/local/repository/com/fasterxml/jackson/module/jackson-module-parameter-names/2.13.3/jackson-module-parameter-names-2.13.3.jar:/data/local/repository/org/springframework/boot/spring-boot-starter-tomcat/2.7.1/spring-boot-starter-tomcat-2.7.1.jar:/data/local/repository/org/apache/tomcat/embed/tomcat-embed-core/9.0.64/tomcat-embed-core-9.0.64.jar:/data/local/repository/org/apache/tomcat/embed/tomcat-embed-el/9.0.64/tomcat-embed-el-9.0.64.jar:/data/local/repository/org/apache/tomcat/embed/tomcat-embed-websocket/9.0.64/tomcat-embed-websocket-9.0.64.jar:/data/local/repository/org/springframework/spring-web/5.3.21/spring-web-5.3.21.jar:/data/local/repository/org/springframework/spring-webmvc/5.3.21/spring-webmvc-5.3.21.jar:/data/local/repository/org/springframework/spring-expression/5.3.21/spring-expression-5.3.21.jar:/data/local/repository/org/springframework/boot/spring-boot-configuration-processor/2.7.1/spring-boot-configuration-processor-2.7.1.jar:/data/local/repository/org/springframework/boot/spring-boot-starter-thymeleaf/2.7.1/spring-boot-starter-thymeleaf-2.7.1.jar:/data/local/repository/org/thymeleaf/thymeleaf-spring5/3.0.15.RELEASE/thymeleaf-spring5-3.0.15.RELEASE.jar:/data/local/repository/org/thymeleaf/thymeleaf/3.0.15.RELEASE/thymeleaf-3.0.15.RELEASE.jar:/data/local/repository/org/attoparser/attoparser/2.0.5.RELEASE/attoparser-2.0.5.RELEASE.jar:/data/local/repository/org/unbescape/unbescape/1.1.6.RELEASE/unbescape-1.1.6.RELEASE.jar:/data/local/repository/org/thymeleaf/extras/thymeleaf-extras-java8time/3.0.4.RELEASE/thymeleaf-extras-java8time-3.0.4.RELEASE.jar:/data/local/repository/org/springframework/boot/spring-boot-starter-security/2.7.1/spring-boot-starter-security-2.7.1.jar:/data/local/repository/org/springframework/spring-aop/5.3.21/spring-aop-5.3.21.jar:/data/local/repository/org/springframework/security/spring-security-config/5.7.2/spring-security-config-5.7.2.jar:/data/local/repository/org/springframework/security/spring-security-web/5.7.2/spring-security-web-5.7.2.jar:/data/local/repository/org/webjars/bootstrap/5.1.3/bootstrap-5.1.3.jar:/data/local/repository/org/webjars/popper.js/2.9.3/popper.js-2.9.3.jar:/data/local/repository/mysql/mysql-connector-java/8.0.29/mysql-connector-java-8.0.29.jar:/data/local/repository/org/springframework/boot/spring-boot-starter-test/2.7.1/spring-boot-starter-test-2.7.1.jar:/data/local/repository/org/springframework/boot/spring-boot-test/2.7.1/spring-boot-test-2.7.1.jar:/data/local/repository/org/springframework/boot/spring-boot-test-autoconfigure/2.7.1/spring-boot-test-autoconfigure-2.7.1.jar:/data/local/repository/com/jayway/jsonpath/json-path/2.7.0/json-path-2.7.0.jar:/data/local/repository/net/minidev/json-smart/2.4.8/json-smart-2.4.8.jar:/data/local/repository/net/minidev/accessors-smart/2.4.8/accessors-smart-2.4.8.jar:/data/local/repository/org/ow2/asm/asm/9.1/asm-9.1.jar:/data/local/repository/jakarta/xml/bind/jakarta.xml.bind-api/2.3.3/jakarta.xml.bind-api-2.3.3.jar:/data/local/repository/jakarta/activation/jakarta.activation-api/1.2.2/jakarta.activation-api-1.2.2.jar:/data/local/repository/org/assertj/assertj-core/3.22.0/assertj-core-3.22.0.jar:/data/local/repository/org/hamcrest/hamcrest/2.2/hamcrest-2.2.jar:/data/local/repository/org/junit/jupiter/junit-jupiter/5.8.2/junit-jupiter-5.8.2.jar:/data/local/repository/org/junit/jupiter/junit-jupiter-api/5.8.2/junit-jupiter-api-5.8.2.jar:/data/local/repository/org/junit/jupiter/junit-jupiter-params/5.8.2/junit-jupiter-params-5.8.2.jar:/data/local/repository/org/junit/jupiter/junit-jupiter-engine/5.8.2/junit-jupiter-engine-5.8.2.jar:/data/local/repository/org/mockito/mockito-core/4.5.1/mockito-core-4.5.1.jar:/data/local/repository/net/bytebuddy/byte-buddy-agent/1.12.11/byte-buddy-agent-1.12.11.jar:/data/local/repository/org/objenesis/objenesis/3.2/objenesis-3.2.jar:/data/local/repository/org/mockito/mockito-junit-jupiter/4.5.1/mockito-junit-jupiter-4.5.1.jar:/data/local/repository/org/skyscreamer/jsonassert/1.5.0/jsonassert-1.5.0.jar:/data/local/repository/com/vaadin/external/google/android-json/0.0.20131108.vaadin1/android-json-0.0.20131108.vaadin1.jar:/data/local/repository/org/springframework/spring-core/5.3.21/spring-core-5.3.21.jar:/data/local/repository/org/springframework/spring-jcl/5.3.21/spring-jcl-5.3.21.jar:/data/local/repository/org/springframework/spring-test/5.3.21/spring-test-5.3.21.jar:/data/local/repository/org/xmlunit/xmlunit-core/2.9.0/xmlunit-core-2.9.0.jar:/data/local/repository/org/springframework/security/spring-security-test/5.7.2/spring-security-test-5.7.2.jar:/data/local/repository/org/springframework/security/spring-security-core/5.7.2/spring-security-core-5.7.2.jar:/data/local/repository/org/springframework/security/spring-security-crypto/5.7.2/spring-security-crypto-5.7.2.jar:/data/local/repository/org/junit/vintage/junit-vintage-engine/5.8.2/junit-vintage-engine-5.8.2.jar:/data/local/repository/org/junit/platform/junit-platform-engine/1.8.2/junit-platform-engine-1.8.2.jar:/data/local/repository/org/opentest4j/opentest4j/1.2.0/opentest4j-1.2.0.jar:/data/local/repository/org/junit/platform/junit-platform-commons/1.8.2/junit-platform-commons-1.8.2.jar:/data/local/repository/junit/junit/4.13.2/junit-4.13.2.jar:/data/local/repository/org/apiguardian/apiguardian-api/1.1.2/apiguardian-api-1.1.2.jar:"/>
    <property name="java.vm.vendor" value="Azul Systems, Inc."/>
    <property name="sun.arch.data.model" value="64"/>
    <property name="java.vendor.url" value="http://www.azul.com/"/>
    <property name="user.timezone" value=""/>
    <property name="java.vm.specification.version" value="11"/>
    <property name="os.name" value="Linux"/>
    <property name="sun.java.launcher" value="SUN_STANDARD"/>
    <property name="user.country" value="EC"/>
    <property name="sun.boot.library.path" value="/data/local/zjdkfx11/lib"/>
    <property name="sun.java.command" value="/data/Trabajo/QSoft/JMVega/Semana4/spring-mvc/target/surefire/surefirebooter12822305694277969150.jar /data/Trabajo/QSoft/JMVega/Semana4/spring-mvc/target/surefire 2022-07-15T11-36-47_161-jvmRun1 surefire8725620087429017318tmp surefire_09771171188358503624tmp"/>
    <property name="jdk.debug" value="release"/>
    <property name="surefire.test.class.path" value="/data/Trabajo/QSoft/JMVega/Semana4/spring-mvc/target/test-classes:/data/Trabajo/QSoft/JMVega/Semana4/spring-mvc/target/classes:/data/local/repository/org/springframework/boot/spring-boot-starter-data-jpa/2.7.1/spring-boot-starter-data-jpa-2.7.1.jar:/data/local/repository/org/springframework/boot/spring-boot-starter-aop/2.7.1/spring-boot-starter-aop-2.7.1.jar:/data/local/repository/org/aspectj/aspectjweaver/1.9.7/aspectjweaver-1.9.7.jar:/data/local/repository/org/springframework/boot/spring-boot-starter-jdbc/2.7.1/spring-boot-starter-jdbc-2.7.1.jar:/data/local/repository/com/zaxxer/HikariCP/4.0.3/HikariCP-4.0.3.jar:/data/local/repository/org/springframework/spring-jdbc/5.3.21/spring-jdbc-5.3.21.jar:/data/local/repository/jakarta/transaction/jakarta.transaction-api/1.3.3/jakarta.transaction-api-1.3.3.jar:/data/local/repository/jakarta/persistence/jakarta.persistence-api/2.2.3/jakarta.persistence-api-2.2.3.jar:/data/local/repository/org/hibernate/hibernate-core/5.6.9.Final/hibernate-core-5.6.9.Final.jar:/data/local/repository/org/jboss/logging/jboss-logging/3.4.3.Final/jboss-logging-3.4.3.Final.jar:/data/local/repository/net/bytebuddy/byte-buddy/1.12.11/byte-buddy-1.12.11.jar:/data/local/repository/antlr/antlr/2.7.7/antlr-2.7.7.jar:/data/local/repository/org/jboss/jandex/2.4.2.Final/jandex-2.4.2.Final.jar:/data/local/repository/com/fasterxml/classmate/1.5.1/classmate-1.5.1.jar:/data/local/repository/org/hibernate/common/hibernate-commons-annotations/5.1.2.Final/hibernate-commons-annotations-5.1.2.Final.jar:/data/local/repository/org/glassfish/jaxb/jaxb-runtime/2.3.6/jaxb-runtime-2.3.6.jar:/data/local/repository/org/glassfish/jaxb/txw2/2.3.6/txw2-2.3.6.jar:/data/local/repository/com/sun/istack/istack-commons-runtime/3.0.12/istack-commons-runtime-3.0.12.jar:/data/local/repository/com/sun/activation/jakarta.activation/1.2.2/jakarta.activation-1.2.2.jar:/data/local/repository/org/springframework/data/spring-data-jpa/2.7.1/spring-data-jpa-2.7.1.jar:/data/local/repository/org/springframework/data/spring-data-commons/2.7.1/spring-data-commons-2.7.1.jar:/data/local/repository/org/springframework/spring-orm/5.3.21/spring-orm-5.3.21.jar:/data/local/repository/org/springframework/spring-context/5.3.21/spring-context-5.3.21.jar:/data/local/repository/org/springframework/spring-tx/5.3.21/spring-tx-5.3.21.jar:/data/local/repository/org/springframework/spring-beans/5.3.21/spring-beans-5.3.21.jar:/data/local/repository/org/slf4j/slf4j-api/1.7.36/slf4j-api-1.7.36.jar:/data/local/repository/org/springframework/spring-aspects/5.3.21/spring-aspects-5.3.21.jar:/data/local/repository/org/springframework/boot/spring-boot-starter-web/2.7.1/spring-boot-starter-web-2.7.1.jar:/data/local/repository/org/springframework/boot/spring-boot-starter/2.7.1/spring-boot-starter-2.7.1.jar:/data/local/repository/org/springframework/boot/spring-boot/2.7.1/spring-boot-2.7.1.jar:/data/local/repository/org/springframework/boot/spring-boot-autoconfigure/2.7.1/spring-boot-autoconfigure-2.7.1.jar:/data/local/repository/org/springframework/boot/spring-boot-starter-logging/2.7.1/spring-boot-starter-logging-2.7.1.jar:/data/local/repository/ch/qos/logback/logback-classic/1.2.11/logback-classic-1.2.11.jar:/data/local/repository/ch/qos/logback/logback-core/1.2.11/logback-core-1.2.11.jar:/data/local/repository/org/apache/logging/log4j/log4j-to-slf4j/2.17.2/log4j-to-slf4j-2.17.2.jar:/data/local/repository/org/apache/logging/log4j/log4j-api/2.17.2/log4j-api-2.17.2.jar:/data/local/repository/org/slf4j/jul-to-slf4j/1.7.36/jul-to-slf4j-1.7.36.jar:/data/local/repository/jakarta/annotation/jakarta.annotation-api/1.3.5/jakarta.annotation-api-1.3.5.jar:/data/local/repository/org/yaml/snakeyaml/1.30/snakeyaml-1.30.jar:/data/local/repository/org/springframework/boot/spring-boot-starter-json/2.7.1/spring-boot-starter-json-2.7.1.jar:/data/local/repository/com/fasterxml/jackson/core/jackson-databind/2.13.3/jackson-databind-2.13.3.jar:/data/local/repository/com/fasterxml/jackson/core/jackson-annotations/2.13.3/jackson-annotations-2.13.3.jar:/data/local/repository/com/fasterxml/jackson/core/jackson-core/2.13.3/jackson-core-2.13.3.jar:/data/local/repository/com/fasterxml/jackson/datatype/jackson-datatype-jdk8/2.13.3/jackson-datatype-jdk8-2.13.3.jar:/data/local/repository/com/fasterxml/jackson/datatype/jackson-datatype-jsr310/2.13.3/jackson-datatype-jsr310-2.13.3.jar:/data/local/repository/com/fasterxml/jackson/module/jackson-module-parameter-names/2.13.3/jackson-module-parameter-names-2.13.3.jar:/data/local/repository/org/springframework/boot/spring-boot-starter-tomcat/2.7.1/spring-boot-starter-tomcat-2.7.1.jar:/data/local/repository/org/apache/tomcat/embed/tomcat-embed-core/9.0.64/tomcat-embed-core-9.0.64.jar:/data/local/repository/org/apache/tomcat/embed/tomcat-embed-el/9.0.64/tomcat-embed-el-9.0.64.jar:/data/local/repository/org/apache/tomcat/embed/tomcat-embed-websocket/9.0.64/tomcat-embed-websocket-9.0.64.jar:/data/local/repository/org/springframework/spring-web/5.3.21/spring-web-5.3.21.jar:/data/local/repository/org/springframework/spring-webmvc/5.3.21/spring-webmvc-5.3.21.jar:/data/local/repository/org/springframework/spring-expression/5.3.21/spring-expression-5.3.21.jar:/data/local/repository/org/springframework/boot/spring-boot-configuration-processor/2.7.1/spring-boot-configuration-processor-2.7.1.jar:/data/local/repository/org/springframework/boot/spring-boot-starter-thymeleaf/2.7.1/spring-boot-starter-thymeleaf-2.7.1.jar:/data/local/repository/org/thymeleaf/thymeleaf-spring5/3.0.15.RELEASE/thymeleaf-spring5-3.0.15.RELEASE.jar:/data/local/repository/org/thymeleaf/thymeleaf/3.0.15.RELEASE/thymeleaf-3.0.15.RELEASE.jar:/data/local/repository/org/attoparser/attoparser/2.0.5.RELEASE/attoparser-2.0.5.RELEASE.jar:/data/local/repository/org/unbescape/unbescape/1.1.6.RELEASE/unbescape-1.1.6.RELEASE.jar:/data/local/repository/org/thymeleaf/extras/thymeleaf-extras-java8time/3.0.4.RELEASE/thymeleaf-extras-java8time-3.0.4.RELEASE.jar:/data/local/repository/org/springframework/boot/spring-boot-starter-security/2.7.1/spring-boot-starter-security-2.7.1.jar:/data/local/repository/org/springframework/spring-aop/5.3.21/spring-aop-5.3.21.jar:/data/local/repository/org/springframework/security/spring-security-config/5.7.2/spring-security-config-5.7.2.jar:/data/local/repository/org/springframework/security/spring-security-web/5.7.2/spring-security-web-5.7.2.jar:/data/local/repository/org/webjars/bootstrap/5.1.3/bootstrap-5.1.3.jar:/data/local/repository/org/webjars/popper.js/2.9.3/popper.js-2.9.3.jar:/data/local/repository/mysql/mysql-connector-java/8.0.29/mysql-connector-java-8.0.29.jar:/data/local/repository/org/springframework/boot/spring-boot-starter-test/2.7.1/spring-boot-starter-test-2.7.1.jar:/data/local/repository/org/springframework/boot/spring-boot-test/2.7.1/spring-boot-test-2.7.1.jar:/data/local/repository/org/springframework/boot/spring-boot-test-autoconfigure/2.7.1/spring-boot-test-autoconfigure-2.7.1.jar:/data/local/repository/com/jayway/jsonpath/json-path/2.7.0/json-path-2.7.0.jar:/data/local/repository/net/minidev/json-smart/2.4.8/json-smart-2.4.8.jar:/data/local/repository/net/minidev/accessors-smart/2.4.8/accessors-smart-2.4.8.jar:/data/local/repository/org/ow2/asm/asm/9.1/asm-9.1.jar:/data/local/repository/jakarta/xml/bind/jakarta.xml.bind-api/2.3.3/jakarta.xml.bind-api-2.3.3.jar:/data/local/repository/jakarta/activation/jakarta.activation-api/1.2.2/jakarta.activation-api-1.2.2.jar:/data/local/repository/org/assertj/assertj-core/3.22.0/assertj-core-3.22.0.jar:/data/local/repository/org/hamcrest/hamcrest/2.2/hamcrest-2.2.jar:/data/local/repository/org/junit/jupiter/junit-jupiter/5.8.2/junit-jupiter-5.8.2.jar:/data/local/repository/org/junit/jupiter/junit-jupiter-api/5.8.2/junit-jupiter-api-5.8.2.jar:/data/local/repository/org/junit/jupiter/junit-jupiter-params/5.8.2/junit-jupiter-params-5.8.2.jar:/data/local/repository/org/junit/jupiter/junit-jupiter-engine/5.8.2/junit-jupiter-engine-5.8.2.jar:/data/local/repository/org/mockito/mockito-core/4.5.1/mockito-core-4.5.1.jar:/data/local/repository/net/bytebuddy/byte-buddy-agent/1.12.11/byte-buddy-agent-1.12.11.jar:/data/local/repository/org/objenesis/objenesis/3.2/objenesis-3.2.jar:/data/local/repository/org/mockito/mockito-junit-jupiter/4.5.1/mockito-junit-jupiter-4.5.1.jar:/data/local/repository/org/skyscreamer/jsonassert/1.5.0/jsonassert-1.5.0.jar:/data/local/repository/com/vaadin/external/google/android-json/0.0.20131108.vaadin1/android-json-0.0.20131108.vaadin1.jar:/data/local/repository/org/springframework/spring-core/5.3.21/spring-core-5.3.21.jar:/data/local/repository/org/springframework/spring-jcl/5.3.21/spring-jcl-5.3.21.jar:/data/local/repository/org/springframework/spring-test/5.3.21/spring-test-5.3.21.jar:/data/local/repository/org/xmlunit/xmlunit-core/2.9.0/xmlunit-core-2.9.0.jar:/data/local/repository/org/springframework/security/spring-security-test/5.7.2/spring-security-test-5.7.2.jar:/data/local/repository/org/springframework/security/spring-security-core/5.7.2/spring-security-core-5.7.2.jar:/data/local/repository/org/springframework/security/spring-security-crypto/5.7.2/spring-security-crypto-5.7.2.jar:/data/local/repository/org/junit/vintage/junit-vintage-engine/5.8.2/junit-vintage-engine-5.8.2.jar:/data/local/repository/org/junit/platform/junit-platform-engine/1.8.2/junit-platform-engine-1.8.2.jar:/data/local/repository/org/opentest4j/opentest4j/1.2.0/opentest4j-1.2.0.jar:/data/local/repository/org/junit/platform/junit-platform-commons/1.8.2/junit-platform-commons-1.8.2.jar:/data/local/repository/junit/junit/4.13.2/junit-4.13.2.jar:/data/local/repository/org/apiguardian/apiguardian-api/1.1.2/apiguardian-api-1.1.2.jar:"/>
    <property name="sun.cpu.endian" value="little"/>
    <property name="user.home" value="/home/james"/>
    <property name="user.language" value="es"/>
    <property name="java.specification.vendor" value="Oracle Corporation"/>
    <property name="java.version.date" value="2021-07-20"/>
    <property name="java.home" value="/data/local/zjdkfx11"/>
    <property name="file.separator" value="/"/>
    <property name="basedir" value="/data/Trabajo/QSoft/JMVega/Semana4/spring-mvc"/>
    <property name="java.vm.compressedOopsMode" value="Zero based"/>
    <property name="line.separator" value="&#10;"/>
    <property name="java.specification.name" value="Java Platform API Specification"/>
    <property name="java.vm.specification.vendor" value="Oracle Corporation"/>
    <property name="jdk.vendor.version" value="Zulu11.50+19-CA"/>
    <property name="java.awt.graphicsenv" value="sun.awt.X11GraphicsEnvironment"/>
    <property name="surefire.real.class.path" value="/data/Trabajo/QSoft/JMVega/Semana4/spring-mvc/target/surefire/surefirebooter12822305694277969150.jar"/>
    <property name="sun.management.compiler" value="HotSpot 64-Bit Tiered Compilers"/>
    <property name="java.runtime.version" value="11.0.12+7-LTS"/>
    <property name="user.name" value="james"/>
    <property name="path.separator" value=":"/>
    <property name="os.version" value="5.11.0-49-generic"/>
    <property name="java.runtime.name" value="OpenJDK Runtime Environment"/>
    <property name="file.encoding" value="UTF-8"/>
    <property name="java.vm.name" value="OpenJDK 64-Bit Server VM"/>
    <property name="java.vendor.version" value="Zulu11.50+19-CA"/>
    <property name="localRepository" value="/data/local/repository"/>
    <property name="java.vendor.url.bug" value="http://www.azul.com/support/"/>
    <property name="java.io.tmpdir" value="/tmp"/>
    <property name="java.version" value="11.0.12"/>
    <property name="user.dir" value="/data/Trabajo/QSoft/JMVega/Semana4/spring-mvc"/>
    <property name="os.arch" value="amd64"/>
    <property name="java.vm.specification.name" value="Java Virtual Machine Specification"/>
    <property name="java.awt.printerjob" value="sun.print.PSPrinterJob"/>
    <property name="sun.os.patch.level" value="unknown"/>
    <property name="java.library.path" value=":/usr/java/packages/lib:/usr/lib64:/lib64:/lib:/usr/lib"/>
    <property name="java.vm.info" value="mixed mode"/>
    <property name="java.vendor" value="Azul Systems, Inc."/>
    <property name="java.vm.version" value="11.0.12+7-LTS"/>
    <property name="sun.io.unicode.encoding" value="UnicodeLittle"/>
    <property name="java.class.version" value="55.0"/>
  </properties>
  <testcase name="error" classname="com.bit.spring.SpringMvcTest" time="0.093"/>
  <testcase name="buscaId" classname="com.bit.spring.SpringMvcTest" time="0.178"/>
</testsuite>